<html>
<head>
<title>TestNG:  Test 3</title>
<link href="../testng.css" rel="stylesheet" type="text/css" />
<link href="../my-testng.css" rel="stylesheet" type="text/css" />

<style type="text/css">
.log { display: none;} 
.stack-trace { display: none;} 
</style>
<script type="text/javascript">
<!--
function flip(e) {
  current = e.style.display;
  if (current == 'block') {
    e.style.display = 'none';
    return 0;
  }
  else {
    e.style.display = 'block';
    return 1;
  }
}

function toggleBox(szDivId, elem, msg1, msg2)
{
  var res = -1;  if (document.getElementById) {
    res = flip(document.getElementById(szDivId));
  }
  else if (document.all) {
    // this is the way old msie versions work
    res = flip(document.all[szDivId]);
  }
  if(elem) {
    if(res == 0) elem.innerHTML = msg1; else elem.innerHTML = msg2;
  }

}

function toggleAllBoxes() {
  if (document.getElementsByTagName) {
    d = document.getElementsByTagName('div');
    for (i = 0; i < d.length; i++) {
      if (d[i].className == 'log') {
        flip(d[i]);
      }
    }
  }
}

// -->
</script>

</head>
<body>
<h2 align='center'>Test 3</h2><table border='1' align="center">
<tr>
<td>Tests passed/Failed/Skipped:</td><td>5/2/0</td>
</tr><tr>
<td>Started on:</td><td>Tue Oct 11 16:40:26 IST 2022</td>
</tr>
<tr><td>Total time:</td><td>152 seconds (152850 ms)</td>
</tr><tr>
<td>Included groups:</td><td></td>
</tr><tr>
<td>Excluded groups:</td><td></td>
</tr>
</table><p/>
<small><i>(Hover the method name to see the test class name)</i></small><p/>
<table width='100%' border='1' class='invocation-failed'>
<tr><td colspan='4' align='center'><b>FAILED TESTS</b></td></tr>
<tr><td><b>Test method</b></td>
<td width="30%"><b>Exception</b></td>
<td width="10%"><b>Time (seconds)</b></td>
<td><b>Instance</b></td>
</tr>
<tr>
<td title='Adminportal.Collection_module_testcases.Delete_New_Collection_()'><b>Delete_New_Collection_</b><br>Test class: Adminportal.Collection_module_testcases<br/>
<a href="#Output-1780974980" onClick='toggleBox("Output-1780974980", this, "Show output", "Hide output");'>Show output</a>

<a href="#Output-1780974980" onClick="toggleAllBoxes();">Show all outputs</a>
<div class='log' id="Output-1780974980">
Collection -> Search And Delete New Collection<br/>
</div>
</td>
<td><div><pre>org.openqa.selenium.StaleElementReferenceException: stale element reference: element is not attached to the page document
  (Session info: chrome=105.0.5195.102)
For documentation on this error, please visit: https://selenium.dev/exceptions/#stale_element_reference
Build info: version: &apos;4.1.1&apos;, revision: &apos;e8fcc2cecf&apos;
System info: host: &apos;hp23-HP-EliteBook-840-G1&apos;, ip: &apos;127.0.1.1&apos;, os.name: &apos;Linux&apos;, os.arch: &apos;amd64&apos;, os.version: &apos;5.15.0-48-generic&apos;, java.version: &apos;11.0.16&apos;
Driver info: org.openqa.selenium.chrome.ChromeDriver
Command: [c1c87d29386d24604f72f2225801cc49, clickElement {id=59f669f2-e9f8-4f83-b442-874cb97e00cd}]
Capabilities {acceptInsecureCerts: false, browserName: chrome, browserVersion: 105.0.5195.102, chrome: {chromedriverVersion: 105.0.5195.52 (412c95e51883..., userDataDir: /tmp/.com.google.Chrome.sFGoqe}, goog:chromeOptions: {debuggerAddress: localhost:37379}, javascriptEnabled: true, networkConnectionEnabled: false, pageLoadStrategy: normal, platform: LINUX, platformName: LINUX, proxy: Proxy(), se:cdp: ws://localhost:37379/devtoo..., se:cdpVersion: 105.0.5195.102, setWindowRect: true, strictFileInteractability: false, timeouts: {implicit: 0, pageLoad: 300000, script: 30000}, unhandledPromptBehavior: dismiss and notify, webauthn:extension:credBlob: true, webauthn:extension:largeBlob: true, webauthn:virtualAuthenticators: true}
Element: [[ChromeDriver: chrome on LINUX (c1c87d29386d24604f72f2225801cc49)] -&gt; xpath: /html/body/div/div/div[2]/main/div[2]/div/div/div[2]/div/div/div[2]/div[2]/div/div/div/div/div[8]/button[3]]
Session ID: c1c87d29386d24604f72f2225801cc49
	at org.openqa.selenium.remote.codec.w3c.W3CHttpResponseCodec.createException(W3CHttpResponseCodec.java:200)
	at org.openqa.selenium.remote.codec.w3c.W3CHttpResponseCodec.decode(W3CHttpResponseCodec.java:133)
	at org.openqa.selenium.remote.codec.w3c.W3CHttpResponseCodec.decode(W3CHttpResponseCodec.java:53)
	at org.openqa.selenium.remote.HttpCommandExecutor.execute(HttpCommandExecutor.java:184)
	at org.openqa.selenium.remote.service.DriverCommandExecutor.invokeExecute(DriverCommandExecutor.java:167)
	at org.openqa.selenium.remote.service.DriverCommandExecutor.execute(DriverCommandExecutor.java:142)
	at org.openqa.selenium.remote.RemoteWebDriver.execute(RemoteWebDriver.java:543)
	at org.openqa.selenium.remote.RemoteWebElement.execute(RemoteWebElement.java:251)
	at org.openqa.selenium.remote.RemoteWebElement.click(RemoteWebElement.java:77)
	at Adminportal.Collection_module_testcases.Delete_New_Collection_(Collection_module_testcases.java:957)
	at java.base/java.util.ArrayList.forEach(ArrayList.java:1541)
... Removed 31 stack frames</pre></div><a href='#' onClick='toggleBox("stack-trace1780974980", this, "Click to show all stack frames", "Click to hide stack frames")'>Click to show all stack frames</a>
<div class='stack-trace' id='stack-trace1780974980'><pre>org.openqa.selenium.StaleElementReferenceException: stale element reference: element is not attached to the page document
  (Session info: chrome=105.0.5195.102)
For documentation on this error, please visit: https://selenium.dev/exceptions/#stale_element_reference
Build info: version: &apos;4.1.1&apos;, revision: &apos;e8fcc2cecf&apos;
System info: host: &apos;hp23-HP-EliteBook-840-G1&apos;, ip: &apos;127.0.1.1&apos;, os.name: &apos;Linux&apos;, os.arch: &apos;amd64&apos;, os.version: &apos;5.15.0-48-generic&apos;, java.version: &apos;11.0.16&apos;
Driver info: org.openqa.selenium.chrome.ChromeDriver
Command: [c1c87d29386d24604f72f2225801cc49, clickElement {id=59f669f2-e9f8-4f83-b442-874cb97e00cd}]
Capabilities {acceptInsecureCerts: false, browserName: chrome, browserVersion: 105.0.5195.102, chrome: {chromedriverVersion: 105.0.5195.52 (412c95e51883..., userDataDir: /tmp/.com.google.Chrome.sFGoqe}, goog:chromeOptions: {debuggerAddress: localhost:37379}, javascriptEnabled: true, networkConnectionEnabled: false, pageLoadStrategy: normal, platform: LINUX, platformName: LINUX, proxy: Proxy(), se:cdp: ws://localhost:37379/devtoo..., se:cdpVersion: 105.0.5195.102, setWindowRect: true, strictFileInteractability: false, timeouts: {implicit: 0, pageLoad: 300000, script: 30000}, unhandledPromptBehavior: dismiss and notify, webauthn:extension:credBlob: true, webauthn:extension:largeBlob: true, webauthn:virtualAuthenticators: true}
Element: [[ChromeDriver: chrome on LINUX (c1c87d29386d24604f72f2225801cc49)] -&gt; xpath: /html/body/div/div/div[2]/main/div[2]/div/div/div[2]/div/div/div[2]/div[2]/div/div/div/div/div[8]/button[3]]
Session ID: c1c87d29386d24604f72f2225801cc49
	at java.base/jdk.internal.reflect.NativeConstructorAccessorImpl.newInstance0(Native Method)
	at java.base/jdk.internal.reflect.NativeConstructorAccessorImpl.newInstance(NativeConstructorAccessorImpl.java:62)
	at java.base/jdk.internal.reflect.DelegatingConstructorAccessorImpl.newInstance(DelegatingConstructorAccessorImpl.java:45)
	at java.base/java.lang.reflect.Constructor.newInstance(Constructor.java:490)
	at org.openqa.selenium.remote.codec.w3c.W3CHttpResponseCodec.createException(W3CHttpResponseCodec.java:200)
	at org.openqa.selenium.remote.codec.w3c.W3CHttpResponseCodec.decode(W3CHttpResponseCodec.java:133)
	at org.openqa.selenium.remote.codec.w3c.W3CHttpResponseCodec.decode(W3CHttpResponseCodec.java:53)
	at org.openqa.selenium.remote.HttpCommandExecutor.execute(HttpCommandExecutor.java:184)
	at org.openqa.selenium.remote.service.DriverCommandExecutor.invokeExecute(DriverCommandExecutor.java:167)
	at org.openqa.selenium.remote.service.DriverCommandExecutor.execute(DriverCommandExecutor.java:142)
	at org.openqa.selenium.remote.RemoteWebDriver.execute(RemoteWebDriver.java:543)
	at org.openqa.selenium.remote.RemoteWebElement.execute(RemoteWebElement.java:251)
	at org.openqa.selenium.remote.RemoteWebElement.click(RemoteWebElement.java:77)
	at Adminportal.Collection_module_testcases.Delete_New_Collection_(Collection_module_testcases.java:957)
	at java.base/jdk.internal.reflect.NativeMethodAccessorImpl.invoke0(Native Method)
	at java.base/jdk.internal.reflect.NativeMethodAccessorImpl.invoke(NativeMethodAccessorImpl.java:62)
	at java.base/jdk.internal.reflect.DelegatingMethodAccessorImpl.invoke(DelegatingMethodAccessorImpl.java:43)
	at java.base/java.lang.reflect.Method.invoke(Method.java:566)
	at org.testng.internal.MethodInvocationHelper.invokeMethod(MethodInvocationHelper.java:133)
	at org.testng.internal.TestInvoker.invokeMethod(TestInvoker.java:598)
	at org.testng.internal.TestInvoker.invokeTestMethod(TestInvoker.java:173)
	at org.testng.internal.MethodRunner.runInSequence(MethodRunner.java:46)
	at org.testng.internal.TestInvoker$MethodInvocationAgent.invoke(TestInvoker.java:824)
	at org.testng.internal.TestInvoker.invokeTestMethods(TestInvoker.java:146)
	at org.testng.internal.TestMethodWorker.invokeTestMethods(TestMethodWorker.java:146)
	at org.testng.internal.TestMethodWorker.run(TestMethodWorker.java:128)
	at java.base/java.util.ArrayList.forEach(ArrayList.java:1541)
	at org.testng.TestRunner.privateRun(TestRunner.java:794)
	at org.testng.TestRunner.run(TestRunner.java:596)
	at org.testng.SuiteRunner.runTest(SuiteRunner.java:377)
	at org.testng.SuiteRunner.runSequentially(SuiteRunner.java:371)
	at org.testng.SuiteRunner.privateRun(SuiteRunner.java:332)
	at org.testng.SuiteRunner.run(SuiteRunner.java:276)
	at org.testng.SuiteRunnerWorker.runSuite(SuiteRunnerWorker.java:53)
	at org.testng.SuiteRunnerWorker.run(SuiteRunnerWorker.java:96)
	at org.testng.TestNG.runSuitesSequentially(TestNG.java:1212)
	at org.testng.TestNG.runSuitesLocally(TestNG.java:1134)
	at org.testng.TestNG.runSuites(TestNG.java:1063)
	at org.testng.TestNG.run(TestNG.java:1031)
	at org.testng.remote.AbstractRemoteTestNG.run(AbstractRemoteTestNG.java:115)
	at org.testng.remote.RemoteTestNG.initAndRun(RemoteTestNG.java:251)
	at org.testng.remote.RemoteTestNG.main(RemoteTestNG.java:77)
</pre></div></td>
<td>13</td>
<td>Adminportal.Collection_module_testcases@1aa7ecca</td></tr>
<tr>
<td title='Adminportal.Collection_module_testcases.View_And_Verify_New_Collection_()'><b>View_And_Verify_New_Collection_</b><br>Test class: Adminportal.Collection_module_testcases<br/>
<a href="#Output-1461520677" onClick='toggleBox("Output-1461520677", this, "Show output", "Hide output");'>Show output</a>

<a href="#Output-1461520677" onClick="toggleAllBoxes();">Show all outputs</a>
<div class='log' id="Output-1461520677">
Collection -> Search And View New Collection<br/>
</div>
</td>
<td><div><pre>java.lang.AssertionError: expected:&lt;Peacefull Mind&gt; but was:&lt;Simple Living&gt;
	at Adminportal.Collection_module_testcases.View_And_Verify_New_Collection_(Collection_module_testcases.java:764)
	at java.base/java.util.ArrayList.forEach(ArrayList.java:1541)
... Removed 29 stack frames</pre></div><a href='#' onClick='toggleBox("stack-trace1461520677", this, "Click to show all stack frames", "Click to hide stack frames")'>Click to show all stack frames</a>
<div class='stack-trace' id='stack-trace1461520677'><pre>java.lang.AssertionError: expected:&lt;Peacefull Mind&gt; but was:&lt;Simple Living&gt;
	at org.testng.AssertJUnit.assertEquals(AssertJUnit.java:115)
	at org.testng.AssertJUnit.assertEquals(AssertJUnit.java:125)
	at Adminportal.Collection_module_testcases.View_And_Verify_New_Collection_(Collection_module_testcases.java:764)
	at java.base/jdk.internal.reflect.NativeMethodAccessorImpl.invoke0(Native Method)
	at java.base/jdk.internal.reflect.NativeMethodAccessorImpl.invoke(NativeMethodAccessorImpl.java:62)
	at java.base/jdk.internal.reflect.DelegatingMethodAccessorImpl.invoke(DelegatingMethodAccessorImpl.java:43)
	at java.base/java.lang.reflect.Method.invoke(Method.java:566)
	at org.testng.internal.MethodInvocationHelper.invokeMethod(MethodInvocationHelper.java:133)
	at org.testng.internal.TestInvoker.invokeMethod(TestInvoker.java:598)
	at org.testng.internal.TestInvoker.invokeTestMethod(TestInvoker.java:173)
	at org.testng.internal.MethodRunner.runInSequence(MethodRunner.java:46)
	at org.testng.internal.TestInvoker$MethodInvocationAgent.invoke(TestInvoker.java:824)
	at org.testng.internal.TestInvoker.invokeTestMethods(TestInvoker.java:146)
	at org.testng.internal.TestMethodWorker.invokeTestMethods(TestMethodWorker.java:146)
	at org.testng.internal.TestMethodWorker.run(TestMethodWorker.java:128)
	at java.base/java.util.ArrayList.forEach(ArrayList.java:1541)
	at org.testng.TestRunner.privateRun(TestRunner.java:794)
	at org.testng.TestRunner.run(TestRunner.java:596)
	at org.testng.SuiteRunner.runTest(SuiteRunner.java:377)
	at org.testng.SuiteRunner.runSequentially(SuiteRunner.java:371)
	at org.testng.SuiteRunner.privateRun(SuiteRunner.java:332)
	at org.testng.SuiteRunner.run(SuiteRunner.java:276)
	at org.testng.SuiteRunnerWorker.runSuite(SuiteRunnerWorker.java:53)
	at org.testng.SuiteRunnerWorker.run(SuiteRunnerWorker.java:96)
	at org.testng.TestNG.runSuitesSequentially(TestNG.java:1212)
	at org.testng.TestNG.runSuitesLocally(TestNG.java:1134)
	at org.testng.TestNG.runSuites(TestNG.java:1063)
	at org.testng.TestNG.run(TestNG.java:1031)
	at org.testng.remote.AbstractRemoteTestNG.run(AbstractRemoteTestNG.java:115)
	at org.testng.remote.RemoteTestNG.initAndRun(RemoteTestNG.java:251)
	at org.testng.remote.RemoteTestNG.main(RemoteTestNG.java:77)
</pre></div></td>
<td>10</td>
<td>Adminportal.Collection_module_testcases@1aa7ecca</td></tr>
</table><p>
<table width='100%' border='1' class='invocation-passed'>
<tr><td colspan='4' align='center'><b>PASSED TESTS</b></td></tr>
<tr><td><b>Test method</b></td>
<td width="30%"><b>Exception</b></td>
<td width="10%"><b>Time (seconds)</b></td>
<td><b>Instance</b></td>
</tr>
<tr>
<td title='Adminportal.Collection_module_testcases.View_And_Verify_Collection_With_Mandatory_Fields()'><b>View_And_Verify_Collection_With_Mandatory_Fields</b><br>Test class: Adminportal.Collection_module_testcases<br/>
<a href="#Output-2059425952" onClick='toggleBox("Output-2059425952", this, "Show output", "Hide output");'>Show output</a>

<a href="#Output-2059425952" onClick="toggleAllBoxes();">Show all outputs</a>
<div class='log' id="Output-2059425952">
Collection -> Search And View The Newly Created Collection<br/>
</div>
</td>
<td></td>
<td>16</td>
<td>Adminportal.Collection_module_testcases@1aa7ecca</td></tr>
<tr>
<td title='Adminportal.Collection_module_testcases.Create_Collection_With_Madatory_fields()'><b>Create_Collection_With_Madatory_fields</b><br>Test class: Adminportal.Collection_module_testcases<br/>
<a href="#Output-930569137" onClick='toggleBox("Output-930569137", this, "Show output", "Hide output");'>Show output</a>

<a href="#Output-930569137" onClick="toggleAllBoxes();">Show all outputs</a>
<div class='log' id="Output-930569137">
Collection -> Verifying Mandatory Fields Validation Is Working Or Not<br/>
Collection -> Create Collection With Mandatory Fields Only<br/>
</div>
</td>
<td></td>
<td>16</td>
<td>Adminportal.Collection_module_testcases@1aa7ecca</td></tr>
<tr>
<td title='Adminportal.Collection_module_testcases.View_And_Verify_Edited_Collection_()'><b>View_And_Verify_Edited_Collection_</b><br>Test class: Adminportal.Collection_module_testcases<br/>
<a href="#Output-929782962" onClick='toggleBox("Output-929782962", this, "Show output", "Hide output");'>Show output</a>

<a href="#Output-929782962" onClick="toggleAllBoxes();">Show all outputs</a>
<div class='log' id="Output-929782962">
Collection -> Search And View Edited  Collection<br/>
</div>
</td>
<td></td>
<td>18</td>
<td>Adminportal.Collection_module_testcases@1aa7ecca</td></tr>
<tr>
<td title='Adminportal.Collection_module_testcases.Edit_Collection_With_All_Fields()'><b>Edit_Collection_With_All_Fields</b><br>Test class: Adminportal.Collection_module_testcases<br/>
<a href="#Output-630359980" onClick='toggleBox("Output-630359980", this, "Show output", "Hide output");'>Show output</a>

<a href="#Output-630359980" onClick="toggleAllBoxes();">Show all outputs</a>
<div class='log' id="Output-630359980">
Collection -> Search And Edit The Newly Created Collection With Remaining Fields<br/>
</div>
</td>
<td></td>
<td>35</td>
<td>Adminportal.Collection_module_testcases@1aa7ecca</td></tr>
<tr>
<td title='Adminportal.Collection_module_testcases.Create_New_Collection_With_All_Fields()'><b>Create_New_Collection_With_All_Fields</b><br>Test class: Adminportal.Collection_module_testcases<br/>
<a href="#Output-398802427" onClick='toggleBox("Output-398802427", this, "Show output", "Hide output");'>Show output</a>

<a href="#Output-398802427" onClick="toggleAllBoxes();">Show all outputs</a>
<div class='log' id="Output-398802427">
Collection -> Verifying Create New Collection With All Information<br/>
</div>
</td>
<td></td>
<td>37</td>
<td>Adminportal.Collection_module_testcases@1aa7ecca</td></tr>
</table><p>
</body>
</html>