<?xml version="1.0" encoding="UTF-8"?>
<!-- Generated by org.testng.reporters.JUnitXMLReporter -->
<testsuite ignored="1" hostname="hp23-HP-EliteBook-840-G1" failures="2" tests="7" name="Test 3" time="152.85" errors="0" timestamp="2022-10-11T16:42:59 IST">
  <testcase classname="Adminportal.Collection_module_testcases" name="Create_Collection_With_Madatory_fields" time="16.507"/>
  <testcase classname="Adminportal.Collection_module_testcases" name="View_And_Verify_Collection_With_Mandatory_Fields" time="16.354"/>
  <testcase classname="Adminportal.Collection_module_testcases" name="Edit_Collection_With_All_Fields" time="35.007"/>
  <testcase classname="Adminportal.Collection_module_testcases" name="View_And_Verify_Edited_Collection_" time="18.879"/>
  <testcase classname="Adminportal.Collection_module_testcases" name="Create_New_Collection_With_All_Fields" time="37.515"/>
  <testcase classname="Adminportal.Collection_module_testcases" name="View_And_Verify_New_Collection_" time="10.315">
    <failure type="java.lang.AssertionError" message="expected:&amp;lt;Peacefull Mind&amp;gt; but was:&amp;lt;Simple Living&amp;gt;">
      <![CDATA[java.lang.AssertionError: expected:<Peacefull Mind> but was:<Simple Living>
at Adminportal.Collection_module_testcases.View_And_Verify_New_Collection_(Collection_module_testcases.java:764)
at java.base/java.util.ArrayList.forEach(ArrayList.java:1541)
... Removed 29 stack frames]]>
    </failure>
  </testcase> <!-- View_And_Verify_New_Collection_ -->
  <testcase classname="Adminportal.Collection_module_testcases" name="Delete_New_Collection_" time="13.027">
    <failure type="org.openqa.selenium.StaleElementReferenceException" message="stale element reference: element is not attached to the page document
  (Session info: chrome=105.0.5195.102)
For documentation on this error, please visit: https://selenium.dev/exceptions/#stale_element_reference
Build info: version: &amp;apos;4.1.1&amp;apos;, revision: &amp;apos;e8fcc2cecf&amp;apos;
System info: host: &amp;apos;hp23-HP-EliteBook-840-G1&amp;apos;, ip: &amp;apos;127.0.1.1&amp;apos;, os.name: &amp;apos;Linux&amp;apos;, os.arch: &amp;apos;amd64&amp;apos;, os.version: &amp;apos;5.15.0-48-generic&amp;apos;, java.version: &amp;apos;11.0.16&amp;apos;
Driver info: org.openqa.selenium.chrome.ChromeDriver
Command: [c1c87d29386d24604f72f2225801cc49, clickElement {id=59f669f2-e9f8-4f83-b442-874cb97e00cd}]
Capabilities {acceptInsecureCerts: false, browserName: chrome, browserVersion: 105.0.5195.102, chrome: {chromedriverVersion: 105.0.5195.52 (412c95e51883..., userDataDir: /tmp/.com.google.Chrome.sFGoqe}, goog:chromeOptions: {debuggerAddress: localhost:37379}, javascriptEnabled: true, networkConnectionEnabled: false, pageLoadStrategy: normal, platform: LINUX, platformName: LINUX, proxy: Proxy(), se:cdp: ws://localhost:37379/devtoo..., se:cdpVersion: 105.0.5195.102, setWindowRect: true, strictFileInteractability: false, timeouts: {implicit: 0, pageLoad: 300000, script: 30000}, unhandledPromptBehavior: dismiss and notify, webauthn:extension:credBlob: true, webauthn:extension:largeBlob: true, webauthn:virtualAuthenticators: true}
Element: [[ChromeDriver: chrome on LINUX (c1c87d29386d24604f72f2225801cc49)] -&amp;gt; xpath: /html/body/div/div/div[2]/main/div[2]/div/div/div[2]/div/div/div[2]/div[2]/div/div/div/div/div[8]/button[3]]
Session ID: c1c87d29386d24604f72f2225801cc49">
      <![CDATA[org.openqa.selenium.StaleElementReferenceException: stale element reference: element is not attached to the page document
  (Session info: chrome=105.0.5195.102)
For documentation on this error, please visit: https://selenium.dev/exceptions/#stale_element_reference
Build info: version: '4.1.1', revision: 'e8fcc2cecf'
System info: host: 'hp23-HP-EliteBook-840-G1', ip: '127.0.1.1', os.name: 'Linux', os.arch: 'amd64', os.version: '5.15.0-48-generic', java.version: '11.0.16'
Driver info: org.openqa.selenium.chrome.ChromeDriver
Command: [c1c87d29386d24604f72f2225801cc49, clickElement {id=59f669f2-e9f8-4f83-b442-874cb97e00cd}]
Capabilities {acceptInsecureCerts: false, browserName: chrome, browserVersion: 105.0.5195.102, chrome: {chromedriverVersion: 105.0.5195.52 (412c95e51883..., userDataDir: /tmp/.com.google.Chrome.sFGoqe}, goog:chromeOptions: {debuggerAddress: localhost:37379}, javascriptEnabled: true, networkConnectionEnabled: false, pageLoadStrategy: normal, platform: LINUX, platformName: LINUX, proxy: Proxy(), se:cdp: ws://localhost:37379/devtoo..., se:cdpVersion: 105.0.5195.102, setWindowRect: true, strictFileInteractability: false, timeouts: {implicit: 0, pageLoad: 300000, script: 30000}, unhandledPromptBehavior: dismiss and notify, webauthn:extension:credBlob: true, webauthn:extension:largeBlob: true, webauthn:virtualAuthenticators: true}
Element: [[ChromeDriver: chrome on LINUX (c1c87d29386d24604f72f2225801cc49)] -> xpath: /html/body/div/div/div[2]/main/div[2]/div/div/div[2]/div/div/div[2]/div[2]/div/div/div/div/div[8]/button[3]]
Session ID: c1c87d29386d24604f72f2225801cc49
at org.openqa.selenium.remote.codec.w3c.W3CHttpResponseCodec.createException(W3CHttpResponseCodec.java:200)
at org.openqa.selenium.remote.codec.w3c.W3CHttpResponseCodec.decode(W3CHttpResponseCodec.java:133)
at org.openqa.selenium.remote.codec.w3c.W3CHttpResponseCodec.decode(W3CHttpResponseCodec.java:53)
at org.openqa.selenium.remote.HttpCommandExecutor.execute(HttpCommandExecutor.java:184)
at org.openqa.selenium.remote.service.DriverCommandExecutor.invokeExecute(DriverCommandExecutor.java:167)
at org.openqa.selenium.remote.service.DriverCommandExecutor.execute(DriverCommandExecutor.java:142)
at org.openqa.selenium.remote.RemoteWebDriver.execute(RemoteWebDriver.java:543)
at org.openqa.selenium.remote.RemoteWebElement.execute(RemoteWebElement.java:251)
at org.openqa.selenium.remote.RemoteWebElement.click(RemoteWebElement.java:77)
at Adminportal.Collection_module_testcases.Delete_New_Collection_(Collection_module_testcases.java:957)
at java.base/java.util.ArrayList.forEach(ArrayList.java:1541)
... Removed 31 stack frames]]>
    </failure>
  </testcase> <!-- Delete_New_Collection_ -->
  <testcase classname="Adminportal.Collection_module_testcases" name="filter_banner" time="0.0">
    <ignored/>
  </testcase> <!-- filter_banner -->
</testsuite> <!-- Test 3 -->
