<?xml version="1.0" encoding="UTF-8"?>
<!-- Generated by org.testng.reporters.JUnitXMLReporter -->
<testsuite ignored="0" hostname="hp23-HP-EliteBook-840-G1" failures="0" tests="2" name="ChromeTest(failed)" time="0.725" errors="0" timestamp="2022-09-02T18:35:23 IST">
  <testcase classname="Catalogue.VerifyRedemptionCatalogFlow" name="@BeforeTest launchBrowser" time="0.693">
    <failure type="org.openqa.selenium.SessionNotCreatedException" message="Could not start a new session. Response code 500. Message: session not created: This version of ChromeDriver only supports Chrome version 102
Current browser version is 104.0.5112.101 with binary path /usr/bin/google-chrome
Build info: version: &amp;apos;4.1.1&amp;apos;, revision: &amp;apos;e8fcc2cecf&amp;apos;
System info: host: &amp;apos;hp23-HP-EliteBook-840-G1&amp;apos;, ip: &amp;apos;127.0.1.1&amp;apos;, os.name: &amp;apos;Linux&amp;apos;, os.arch: &amp;apos;amd64&amp;apos;, os.version: &amp;apos;5.15.0-46-generic&amp;apos;, java.version: &amp;apos;11.0.16&amp;apos;
Driver info: org.openqa.selenium.chrome.ChromeDriver
Command: [null, newSession {capabilities=[Capabilities {browserName: chrome, goog:chromeOptions: {args: [--disable-notifications], extensions: []}}], desiredCapabilities=Capabilities {browserName: chrome, goog:chromeOptions: {args: [--disable-notifications], extensions: []}}}]">
      <![CDATA[org.openqa.selenium.SessionNotCreatedException: Could not start a new session. Response code 500. Message: session not created: This version of ChromeDriver only supports Chrome version 102
Current browser version is 104.0.5112.101 with binary path /usr/bin/google-chrome
Build info: version: '4.1.1', revision: 'e8fcc2cecf'
System info: host: 'hp23-HP-EliteBook-840-G1', ip: '127.0.1.1', os.name: 'Linux', os.arch: 'amd64', os.version: '5.15.0-46-generic', java.version: '11.0.16'
Driver info: org.openqa.selenium.chrome.ChromeDriver
Command: [null, newSession {capabilities=[Capabilities {browserName: chrome, goog:chromeOptions: {args: [--disable-notifications], extensions: []}}], desiredCapabilities=Capabilities {browserName: chrome, goog:chromeOptions: {args: [--disable-notifications], extensions: []}}}]
at org.openqa.selenium.remote.ProtocolHandshake.createSession(ProtocolHandshake.java:126)
at org.openqa.selenium.remote.ProtocolHandshake.createSession(ProtocolHandshake.java:84)
at org.openqa.selenium.remote.ProtocolHandshake.createSession(ProtocolHandshake.java:62)
at org.openqa.selenium.remote.HttpCommandExecutor.execute(HttpCommandExecutor.java:156)
at org.openqa.selenium.remote.service.DriverCommandExecutor.invokeExecute(DriverCommandExecutor.java:167)
at org.openqa.selenium.remote.service.DriverCommandExecutor.execute(DriverCommandExecutor.java:142)
at org.openqa.selenium.remote.RemoteWebDriver.execute(RemoteWebDriver.java:543)
at org.openqa.selenium.remote.RemoteWebDriver.startSession(RemoteWebDriver.java:230)
at org.openqa.selenium.remote.RemoteWebDriver.<init>(RemoteWebDriver.java:151)
at org.openqa.selenium.chromium.ChromiumDriver.<init>(ChromiumDriver.java:108)
at org.openqa.selenium.chrome.ChromeDriver.<init>(ChromeDriver.java:104)
at org.openqa.selenium.chrome.ChromeDriver.<init>(ChromeDriver.java:91)
at org.openqa.selenium.chrome.ChromeDriver.<init>(ChromeDriver.java:80)
at testBrowsersetup.Browsers.openChromeBrowser(Browsers.java:22)
at Catalogue.VerifyRedemptionCatalogFlow.launchBrowser(VerifyRedemptionCatalogFlow.java:94)
at java.base/java.util.concurrent.FutureTask.run(FutureTask.java:264)
at java.base/java.util.concurrent.ThreadPoolExecutor.runWorker(ThreadPoolExecutor.java:1128)
at java.base/java.util.concurrent.ThreadPoolExecutor$Worker.run(ThreadPoolExecutor.java:628)
at java.base/java.lang.Thread.run(Thread.java:829)
... Removed 15 stack frames]]>
    </failure>
  </testcase> <!-- @BeforeTest launchBrowser -->
  <testcase classname="Catalogue.VerifyRedemptionCatalogFlow" name="@BeforeClass createObject" time="-1.662123923329E9">
    <skipped/>
  </testcase> <!-- @BeforeClass createObject -->
  <testcase classname="Catalogue.VerifyRedemptionCatalogFlow" name="@BeforeMethod loginToUserAccount" time="-1.662123923331E9">
    <skipped/>
  </testcase> <!-- @BeforeMethod loginToUserAccount -->
  <testcase classname="Catalogue.VerifyRedemptionCatalogFlow" name="@AfterMethod logOutUserAccount" time="-1.662123923335E9">
    <skipped/>
  </testcase> <!-- @AfterMethod logOutUserAccount -->
  <testcase classname="Catalogue.VerifyRedemptionCatalogFlow" name="@BeforeMethod loginToUserAccount" time="-1.662123923337E9">
    <skipped/>
  </testcase> <!-- @BeforeMethod loginToUserAccount -->
  <testcase classname="Catalogue.VerifyRedemptionCatalogFlow" name="@AfterMethod logOutUserAccount" time="-1.662123923341E9">
    <skipped/>
  </testcase> <!-- @AfterMethod logOutUserAccount -->
  <testcase classname="Catalogue.VerifyRedemptionCatalogFlow" name="@AfterClass closeBrowser" time="-1.662123923342E9">
    <skipped/>
  </testcase> <!-- @AfterClass closeBrowser -->
  <testcase classname="Catalogue.VerifyRedemptionCatalogFlow" name="@AfterTest capture" time="-1.662123923343E9">
    <skipped/>
  </testcase> <!-- @AfterTest capture -->
  <testcase classname="Catalogue.VerifyRedemptionCatalogFlow" name="toVerifyEnterPointToConvert" time="0.0">
    <skipped/>
  </testcase> <!-- toVerifyEnterPointToConvert -->
  <testcase classname="Catalogue.VerifyRedemptionCatalogFlow" name="toVerifyEnterExcessPointToConvert" time="0.0">
    <skipped/>
  </testcase> <!-- toVerifyEnterExcessPointToConvert -->
</testsuite> <!-- ChromeTest(failed) -->
