<?xml version="1.0" encoding="UTF-8"?>
<!-- Generated by org.testng.reporters.JUnitXMLReporter -->
<testsuite ignored="0" hostname="hp23-HP-EliteBook-840-G1" failures="0" tests="1" name="ChromeTest" time="60.0" errors="0" timestamp="2022-09-27T14:58:29 IST">
  <testcase classname="Catalogue.Verify_InviteStaff_Branch_SubDealer_Flow" name="@AfterTest capture" time="-1.664270909253E9">
    <failure type="org.testng.TestNGException" message="
Can inject only one of &amp;lt;ITestContext, XmlTest&amp;gt; into a @AfterTest annotated capture.
For more information on native dependency injection please refer to https://testng.org/doc/documentation-main.html#native-dependency-injection">
      <![CDATA[org.testng.TestNGException: 
Can inject only one of <ITestContext, XmlTest> into a @AfterTest annotated capture.
For more information on native dependency injection please refer to https://testng.org/doc/documentation-main.html#native-dependency-injection
at java.base/java.util.concurrent.FutureTask.run(FutureTask.java:264)
at java.base/java.util.concurrent.ThreadPoolExecutor.runWorker(ThreadPoolExecutor.java:1128)
at java.base/java.util.concurrent.ThreadPoolExecutor$Worker.run(ThreadPoolExecutor.java:628)
at java.base/java.lang.Thread.run(Thread.java:829)
... Removed 12 stack frames]]>
    </failure>
  </testcase> <!-- @AfterTest capture -->
  <testcase classname="Catalogue.Verify_InviteStaff_Branch_SubDealer_Flow" name="to_Verify_Invite_New_Member" time="32.664"/>
</testsuite> <!-- ChromeTest -->
