<?xml version="1.0" encoding="UTF-8"?>
<!-- Generated by org.testng.reporters.JUnitXMLReporter -->
<testsuite ignored="0" hostname="hp23-HP-EliteBook-840-G1" failures="0" tests="2" name="FirefoxTest" time="0.277" errors="0" timestamp="2022-09-07T10:41:00 IST">
  <testcase classname="Catalogue.VerifyRedemptionCatalogFlow" name="@BeforeTest launchBrowser" time="0.101">
    <failure type="org.openqa.selenium.WebDriverException" message="Cannot find firefox binary in PATH. Make sure firefox is installed. OS appears to be: LINUX
Build info: version: &amp;apos;4.1.1&amp;apos;, revision: &amp;apos;e8fcc2cecf&amp;apos;
System info: host: &amp;apos;hp23-HP-EliteBook-840-G1&amp;apos;, ip: &amp;apos;127.0.1.1&amp;apos;, os.name: &amp;apos;Linux&amp;apos;, os.arch: &amp;apos;amd64&amp;apos;, os.version: &amp;apos;5.15.0-47-generic&amp;apos;, java.version: &amp;apos;11.0.16&amp;apos;
Driver info: driver.version: FirefoxDriver">
      <![CDATA[org.openqa.selenium.WebDriverException: Cannot find firefox binary in PATH. Make sure firefox is installed. OS appears to be: LINUX
Build info: version: '4.1.1', revision: 'e8fcc2cecf'
System info: host: 'hp23-HP-EliteBook-840-G1', ip: '127.0.1.1', os.name: 'Linux', os.arch: 'amd64', os.version: '5.15.0-47-generic', java.version: '11.0.16'
Driver info: driver.version: FirefoxDriver
at org.openqa.selenium.firefox.FirefoxBinary.<init>(FirefoxBinary.java:95)
at java.base/java.util.Optional.orElseGet(Optional.java:369)
at org.openqa.selenium.firefox.FirefoxOptions.getBinary(FirefoxOptions.java:189)
at org.openqa.selenium.firefox.GeckoDriverService$Builder.withOptions(GeckoDriverService.java:179)
at org.openqa.selenium.firefox.FirefoxDriver.toExecutor(FirefoxDriver.java:232)
at org.openqa.selenium.firefox.FirefoxDriver.<init>(FirefoxDriver.java:186)
at testBrowsersetup.Browsers.openFirefoxBrowser(Browsers.java:34)
at Catalogue.VerifyRedemptionCatalogFlow.launchBrowser(VerifyRedemptionCatalogFlow.java:116)
at java.base/java.util.concurrent.FutureTask.run(FutureTask.java:264)
at java.base/java.util.concurrent.ThreadPoolExecutor.runWorker(ThreadPoolExecutor.java:1128)
at java.base/java.util.concurrent.ThreadPoolExecutor$Worker.run(ThreadPoolExecutor.java:628)
at java.base/java.lang.Thread.run(Thread.java:829)
... Removed 15 stack frames]]>
    </failure>
  </testcase> <!-- @BeforeTest launchBrowser -->
  <testcase classname="Catalogue.VerifyRedemptionCatalogFlow" name="@BeforeClass createObject" time="-1.662527460493E9">
    <skipped/>
  </testcase> <!-- @BeforeClass createObject -->
  <testcase classname="Catalogue.VerifyRedemptionCatalogFlow" name="@BeforeMethod loginToUserAccount" time="-1.662527460514E9">
    <skipped/>
  </testcase> <!-- @BeforeMethod loginToUserAccount -->
  <testcase classname="Catalogue.VerifyRedemptionCatalogFlow" name="@AfterMethod logOutUserAccount" time="-1.662527460539E9">
    <skipped/>
  </testcase> <!-- @AfterMethod logOutUserAccount -->
  <testcase classname="Catalogue.VerifyRedemptionCatalogFlow" name="@BeforeMethod loginToUserAccount" time="-1.662527460556E9">
    <skipped/>
  </testcase> <!-- @BeforeMethod loginToUserAccount -->
  <testcase classname="Catalogue.VerifyRedemptionCatalogFlow" name="@AfterMethod logOutUserAccount" time="-1.662527460574E9">
    <skipped/>
  </testcase> <!-- @AfterMethod logOutUserAccount -->
  <testcase classname="Catalogue.VerifyRedemptionCatalogFlow" name="@AfterClass closeBrowser" time="-1.66252746058E9">
    <skipped/>
  </testcase> <!-- @AfterClass closeBrowser -->
  <testcase classname="Catalogue.VerifyRedemptionCatalogFlow" name="@AfterTest capture" time="-1.662527460583E9">
    <skipped/>
  </testcase> <!-- @AfterTest capture -->
  <testcase classname="Catalogue.VerifyRedemptionCatalogFlow" name="toVerifyEnterPointToConvert" time="0.0">
    <skipped/>
  </testcase> <!-- toVerifyEnterPointToConvert -->
  <testcase classname="Catalogue.VerifyRedemptionCatalogFlow" name="toVerifyEnterExcessPointToConvert" time="0.0">
    <skipped/>
  </testcase> <!-- toVerifyEnterExcessPointToConvert -->
</testsuite> <!-- FirefoxTest -->
