<!DOCTYPE html PUBLIC "-//W3C//DTD XHTML 1.1//EN" "https://www.w3.org/TR/xhtml11/DTD/xhtml11.dtd">
<html xmlns="https://www.w3.org/1999/xhtml">
<head>
<meta http-equiv="content-type" content="text/html; charset=UTF-8"/>
<title>TestNG Report</title>
<style type="text/css">table {margin-bottom:10px;border-collapse:collapse;empty-cells:show}th,td {border:1px solid #009;padding:.25em .5em}th {vertical-align:bottom}td {vertical-align:top}table a {font-weight:bold}.stripe td {background-color: #E6EBF9}.num {text-align:right}.passedodd td {background-color: #3F3}.passedeven td {background-color: #0A0}.skippedodd td {background-color: #DDD}.skippedeven td {background-color: #CCC}.failedodd td,.attn {background-color: #F33}.failedeven td,.stripe .attn {background-color: #D00}.stacktrace {white-space:pre;font-family:monospace}.totop {font-size:85%;text-align:center;border-bottom:2px solid #000}.invisible {display:none}</style>
</head>
<body>
<table>
<tr><th>Test</th><th># Passed</th><th># Skipped</th><th># Retried</th><th># Failed</th><th>Time (ms)</th><th>Included Groups</th><th>Excluded Groups</th></tr>
<tr><th colspan="8">Suite</th></tr>
<tr><td><a href="#t0">Test</a></td><td class="num">9</td><td class="num">0</td><td class="num">0</td><td class="num attn">8</td><td class="num">283,106</td><td></td><td></td></tr>
</table>
<table id='summary'><thead><tr><th>Class</th><th>Method</th><th>Start</th><th>Time (ms)</th></tr></thead><tbody><tr><th colspan="4">Suite</th></tr></tbody><tbody id="t0"><tr><th colspan="4">Test &#8212; failed</th></tr><tr class="failedeven"><td rowspan="3">Adminportal.collection_module_test</td><td><a href="#m0">Create_Collection_With_Madatory_fields</a></td><td rowspan="1">1665047152860</td><td rowspan="1">6303</td></tr><tr class="failedeven"><td><a href="#m1">View_And_Verify_Collection_With_Mandatory_Fields</a></td><td rowspan="1">1665047159165</td><td rowspan="1">10830</td></tr><tr class="failedeven"><td><a href="#m2">View_And_Verify_Edited_Collection_</a></td><td rowspan="1">1665047170000</td><td rowspan="1">8819</td></tr><tr class="failedodd"><td rowspan="5">Adminportal.expert_Module_test_casess</td><td><a href="#m3">Create_New_Expert_With_All_Fields</a></td><td rowspan="1">1665047012524</td><td rowspan="1">42092</td></tr><tr class="failedodd"><td><a href="#m4">Edit_Expert_With_All_Fields</a></td><td rowspan="1">1665046979194</td><td rowspan="1">19257</td></tr><tr class="failedodd"><td><a href="#m5">View_And_Verify_Edited_Expert</a></td><td rowspan="1">1665046998454</td><td rowspan="1">14067</td></tr><tr class="failedodd"><td><a href="#m6">View_And_Verify_Expert_With_Mandatory_Fields</a></td><td rowspan="1">1665046979104</td><td rowspan="1">79</td></tr><tr class="failedodd"><td><a href="#m7">View_And_Verify_The_New_Expert</a></td><td rowspan="1">1665047054619</td><td rowspan="1">4663</td></tr><tr><th colspan="4">Test &#8212; passed</th></tr><tr class="passedeven"><td rowspan="6">Adminportal.banner_Final_Demo</td><td><a href="#m8">Create_Banner_With_Madatory_fields</a></td><td rowspan="1">1665047059289</td><td rowspan="1">19861</td></tr><tr class="passedeven"><td><a href="#m9">Create_New_Banner_With_All_Fields</a></td><td rowspan="1">1665047116509</td><td rowspan="1">23999</td></tr><tr class="passedeven"><td><a href="#m10">Edit_Banner_With_All_Fields</a></td><td rowspan="1">1665047090242</td><td rowspan="1">17041</td></tr><tr class="passedeven"><td><a href="#m11">View_And_Verify_Banner_With_Mandatory_Fields</a></td><td rowspan="1">1665047079156</td><td rowspan="1">11084</td></tr><tr class="passedeven"><td><a href="#m12">View_And_Verify_Edited_Banner</a></td><td rowspan="1">1665047107286</td><td rowspan="1">9221</td></tr><tr class="passedeven"><td><a href="#m13">View_And_Verify_The_New_Banner</a></td><td rowspan="1">1665047140510</td><td rowspan="1">12349</td></tr><tr class="passedodd"><td rowspan="2">Adminportal.collection_module_test</td><td><a href="#m14">Create_New_Collection_With_All_Fields</a></td><td rowspan="1">1665047178821</td><td rowspan="1">30991</td></tr><tr class="passedodd"><td><a href="#m15">View_And_Verify_New_Collection_</a></td><td rowspan="1">1665047209814</td><td rowspan="1">18762</td></tr><tr class="passedeven"><td rowspan="1">Adminportal.expert_Module_test_casess</td><td><a href="#m16">Create_Expert_With_Madatory_fields</a></td><td rowspan="1">1665046967077</td><td rowspan="1">12013</td></tr></tbody>
</table>
<h2>Test</h2><h3 id="m0">Adminportal.collection_module_test#Create_Collection_With_Madatory_fields</h3><table class="result"><tr><th>Messages</th></tr><tr><td><div class="messages">Verifying Mandatory Fields Validation Is Working Or Not</div></td></tr><tr><th>Exception</th></tr><tr><td><div class="stacktrace">org.openqa.selenium.NoSuchElementException: no such element: Unable to locate element: {&quot;method&quot;:&quot;xpath&quot;,&quot;selector&quot;:&quot;//button[@class=&apos;MuiButtonBase-root MuiButton-root MuiButton-outlined MuiButton-outlinedPrimary MuiButton-sizeMedium MuiButton-outlinedSizeMedium primary-btn css-cbq6w5&apos;]&quot;}
  (Session info: chrome=105.0.5195.102)
For documentation on this error, please visit: https://selenium.dev/exceptions/#no_such_element
Build info: version: &apos;4.1.1&apos;, revision: &apos;e8fcc2cecf&apos;
System info: host: &apos;hp23-HP-EliteBook-840-G1&apos;, ip: &apos;127.0.1.1&apos;, os.name: &apos;Linux&apos;, os.arch: &apos;amd64&apos;, os.version: &apos;5.15.0-48-generic&apos;, java.version: &apos;11.0.16&apos;
Driver info: org.openqa.selenium.chrome.ChromeDriver
Command: [4b82c39c7824c33f0a3335bdee34f4d9, findElement {using=xpath, value=//button[@class=&apos;MuiButtonBase-root MuiButton-root MuiButton-outlined MuiButton-outlinedPrimary MuiButton-sizeMedium MuiButton-outlinedSizeMedium primary-btn css-cbq6w5&apos;]}]
Capabilities {acceptInsecureCerts: false, browserName: chrome, browserVersion: 105.0.5195.102, chrome: {chromedriverVersion: 105.0.5195.52 (412c95e51883..., userDataDir: /tmp/.com.google.Chrome.kOJ2HH}, goog:chromeOptions: {debuggerAddress: localhost:35267}, javascriptEnabled: true, networkConnectionEnabled: false, pageLoadStrategy: normal, platform: LINUX, platformName: LINUX, proxy: Proxy(), se:cdp: ws://localhost:35267/devtoo..., se:cdpVersion: 105.0.5195.102, setWindowRect: true, strictFileInteractability: false, timeouts: {implicit: 0, pageLoad: 300000, script: 30000}, unhandledPromptBehavior: dismiss and notify, webauthn:extension:credBlob: true, webauthn:extension:largeBlob: true, webauthn:virtualAuthenticators: true}
Session ID: 4b82c39c7824c33f0a3335bdee34f4d9
	at org.openqa.selenium.remote.codec.w3c.W3CHttpResponseCodec.createException(W3CHttpResponseCodec.java:200)
	at org.openqa.selenium.remote.codec.w3c.W3CHttpResponseCodec.decode(W3CHttpResponseCodec.java:133)
	at org.openqa.selenium.remote.codec.w3c.W3CHttpResponseCodec.decode(W3CHttpResponseCodec.java:53)
	at org.openqa.selenium.remote.HttpCommandExecutor.execute(HttpCommandExecutor.java:184)
	at org.openqa.selenium.remote.service.DriverCommandExecutor.invokeExecute(DriverCommandExecutor.java:167)
	at org.openqa.selenium.remote.service.DriverCommandExecutor.execute(DriverCommandExecutor.java:142)
	at org.openqa.selenium.remote.RemoteWebDriver.execute(RemoteWebDriver.java:543)
	at org.openqa.selenium.remote.ElementLocation$ElementFinder$2.findElement(ElementLocation.java:162)
	at org.openqa.selenium.remote.ElementLocation.findElement(ElementLocation.java:60)
	at org.openqa.selenium.remote.RemoteWebDriver.findElement(RemoteWebDriver.java:367)
	at org.openqa.selenium.remote.RemoteWebDriver.findElement(RemoteWebDriver.java:359)
	at Adminportal.collection_module_test.Create_Collection_With_Madatory_fields(collection_module_test.java:119)
	at java.base/java.util.ArrayList.forEach(ArrayList.java:1541)
... Removed 30 stack frames</div></td></tr></table><p class="totop"><a href="#summary">back to summary</a></p>
<h3 id="m1">Adminportal.collection_module_test#View_And_Verify_Collection_With_Mandatory_Fields</h3><table class="result"><tr><th>Messages</th></tr><tr><td><div class="messages">Search And View The Newly Created Collection</div></td></tr><tr><th>Exception</th></tr><tr><td><div class="stacktrace">java.lang.AssertionError: expected:&lt;Happy Life&gt; but was:&lt;Whats on ur mind&gt;
	at Adminportal.collection_module_test.View_And_Verify_Collection_With_Mandatory_Fields(collection_module_test.java:194)
	at java.base/java.util.ArrayList.forEach(ArrayList.java:1541)
... Removed 29 stack frames</div></td></tr></table><p class="totop"><a href="#summary">back to summary</a></p>
<h3 id="m2">Adminportal.collection_module_test#View_And_Verify_Edited_Collection_</h3><table class="result"><tr><th>Messages</th></tr><tr><td><div class="messages">Search And View Edited  Collection</div></td></tr><tr><th>Exception</th></tr><tr><td><div class="stacktrace">org.openqa.selenium.StaleElementReferenceException: stale element reference: element is not attached to the page document
  (Session info: chrome=105.0.5195.102)
For documentation on this error, please visit: https://selenium.dev/exceptions/#stale_element_reference
Build info: version: &apos;4.1.1&apos;, revision: &apos;e8fcc2cecf&apos;
System info: host: &apos;hp23-HP-EliteBook-840-G1&apos;, ip: &apos;127.0.1.1&apos;, os.name: &apos;Linux&apos;, os.arch: &apos;amd64&apos;, os.version: &apos;5.15.0-48-generic&apos;, java.version: &apos;11.0.16&apos;
Driver info: org.openqa.selenium.chrome.ChromeDriver
Command: [4b82c39c7824c33f0a3335bdee34f4d9, clickElement {id=35779bf6-68b5-49e5-a445-855c584960e0}]
Capabilities {acceptInsecureCerts: false, browserName: chrome, browserVersion: 105.0.5195.102, chrome: {chromedriverVersion: 105.0.5195.52 (412c95e51883..., userDataDir: /tmp/.com.google.Chrome.kOJ2HH}, goog:chromeOptions: {debuggerAddress: localhost:35267}, javascriptEnabled: true, networkConnectionEnabled: false, pageLoadStrategy: normal, platform: LINUX, platformName: LINUX, proxy: Proxy(), se:cdp: ws://localhost:35267/devtoo..., se:cdpVersion: 105.0.5195.102, setWindowRect: true, strictFileInteractability: false, timeouts: {implicit: 0, pageLoad: 300000, script: 30000}, unhandledPromptBehavior: dismiss and notify, webauthn:extension:credBlob: true, webauthn:extension:largeBlob: true, webauthn:virtualAuthenticators: true}
Element: [[ChromeDriver: chrome on LINUX (4b82c39c7824c33f0a3335bdee34f4d9)] -&gt; xpath: /html/body/div/div/div[2]/main/div[2]/div/div/div[2]/div/div/div[2]/div[2]/div/div/div/div/div[8]/button[2]]
Session ID: 4b82c39c7824c33f0a3335bdee34f4d9
	at org.openqa.selenium.remote.codec.w3c.W3CHttpResponseCodec.createException(W3CHttpResponseCodec.java:200)
	at org.openqa.selenium.remote.codec.w3c.W3CHttpResponseCodec.decode(W3CHttpResponseCodec.java:133)
	at org.openqa.selenium.remote.codec.w3c.W3CHttpResponseCodec.decode(W3CHttpResponseCodec.java:53)
	at org.openqa.selenium.remote.HttpCommandExecutor.execute(HttpCommandExecutor.java:184)
	at org.openqa.selenium.remote.service.DriverCommandExecutor.invokeExecute(DriverCommandExecutor.java:167)
	at org.openqa.selenium.remote.service.DriverCommandExecutor.execute(DriverCommandExecutor.java:142)
	at org.openqa.selenium.remote.RemoteWebDriver.execute(RemoteWebDriver.java:543)
	at org.openqa.selenium.remote.RemoteWebElement.execute(RemoteWebElement.java:251)
	at org.openqa.selenium.remote.RemoteWebElement.click(RemoteWebElement.java:77)
	at Adminportal.collection_module_test.View_And_Verify_Edited_Collection_(collection_module_test.java:372)
	at java.base/java.util.ArrayList.forEach(ArrayList.java:1541)
... Removed 31 stack frames</div></td></tr></table><p class="totop"><a href="#summary">back to summary</a></p>
<h3 id="m3">Adminportal.expert_Module_test_casess#Create_New_Expert_With_All_Fields</h3><table class="result"><tr><th>Messages</th></tr><tr><td><div class="messages">Verifying Create New Expert With All Information</div></td></tr><tr><th>Exception</th></tr><tr><td><div class="stacktrace">org.openqa.selenium.TimeoutException: Expected condition failed: waiting for visibility of element located by By.xpath: /html/body/div[3]/div[3]/div/div/div/div[1]/div/div[2]/div[2]/div[13]/div/div/p (tried for 30 second(s) with 500 milliseconds interval)
Build info: version: &apos;4.1.1&apos;, revision: &apos;e8fcc2cecf&apos;
System info: host: &apos;hp23-HP-EliteBook-840-G1&apos;, ip: &apos;127.0.1.1&apos;, os.name: &apos;Linux&apos;, os.arch: &apos;amd64&apos;, os.version: &apos;5.15.0-48-generic&apos;, java.version: &apos;11.0.16&apos;
Driver info: org.openqa.selenium.chrome.ChromeDriver
Capabilities {acceptInsecureCerts: false, browserName: chrome, browserVersion: 105.0.5195.102, chrome: {chromedriverVersion: 105.0.5195.52 (412c95e51883..., userDataDir: /tmp/.com.google.Chrome.O8fGC6}, goog:chromeOptions: {debuggerAddress: localhost:35717}, javascriptEnabled: true, networkConnectionEnabled: false, pageLoadStrategy: normal, platform: LINUX, platformName: LINUX, proxy: Proxy(), se:cdp: ws://localhost:35717/devtoo..., se:cdpVersion: 105.0.5195.102, setWindowRect: true, strictFileInteractability: false, timeouts: {implicit: 0, pageLoad: 300000, script: 30000}, unhandledPromptBehavior: dismiss and notify, webauthn:extension:credBlob: true, webauthn:extension:largeBlob: true, webauthn:virtualAuthenticators: true}
Session ID: 00eece2aa8b91a2365a8c5a71a265457
	at org.openqa.selenium.support.ui.WebDriverWait.timeoutException(WebDriverWait.java:138)
	at org.openqa.selenium.support.ui.FluentWait.until(FluentWait.java:231)
	at Adminportal.expert_Module_test_casess.Create_New_Expert_With_All_Fields(expert_Module_test_casess.java:391)
	at java.base/java.util.ArrayList.forEach(ArrayList.java:1541)
... Removed 27 stack frames</div></td></tr></table><p class="totop"><a href="#summary">back to summary</a></p>
<h3 id="m4">Adminportal.expert_Module_test_casess#Edit_Expert_With_All_Fields</h3><table class="result"><tr><th>Messages</th></tr><tr><td><div class="messages">Search And Edit The Newly Created Expert With Remaining Fields</div></td></tr><tr><th>Exception</th></tr><tr><td><div class="stacktrace">org.openqa.selenium.NoSuchElementException: no such element: Unable to locate element: {&quot;method&quot;:&quot;xpath&quot;,&quot;selector&quot;:&quot;/html/body/div[3]/div[3]/div/div[1]/div/div[1]/div/div[7]/div[1]/div[1]/label&quot;}
  (Session info: chrome=105.0.5195.102)
For documentation on this error, please visit: https://selenium.dev/exceptions/#no_such_element
Build info: version: &apos;4.1.1&apos;, revision: &apos;e8fcc2cecf&apos;
System info: host: &apos;hp23-HP-EliteBook-840-G1&apos;, ip: &apos;127.0.1.1&apos;, os.name: &apos;Linux&apos;, os.arch: &apos;amd64&apos;, os.version: &apos;5.15.0-48-generic&apos;, java.version: &apos;11.0.16&apos;
Driver info: org.openqa.selenium.chrome.ChromeDriver
Command: [00eece2aa8b91a2365a8c5a71a265457, findElement {using=xpath, value=/html/body/div[3]/div[3]/div/div[1]/div/div[1]/div/div[7]/div[1]/div[1]/label}]
Capabilities {acceptInsecureCerts: false, browserName: chrome, browserVersion: 105.0.5195.102, chrome: {chromedriverVersion: 105.0.5195.52 (412c95e51883..., userDataDir: /tmp/.com.google.Chrome.O8fGC6}, goog:chromeOptions: {debuggerAddress: localhost:35717}, javascriptEnabled: true, networkConnectionEnabled: false, pageLoadStrategy: normal, platform: LINUX, platformName: LINUX, proxy: Proxy(), se:cdp: ws://localhost:35717/devtoo..., se:cdpVersion: 105.0.5195.102, setWindowRect: true, strictFileInteractability: false, timeouts: {implicit: 0, pageLoad: 300000, script: 30000}, unhandledPromptBehavior: dismiss and notify, webauthn:extension:credBlob: true, webauthn:extension:largeBlob: true, webauthn:virtualAuthenticators: true}
Session ID: 00eece2aa8b91a2365a8c5a71a265457
	at org.openqa.selenium.remote.codec.w3c.W3CHttpResponseCodec.createException(W3CHttpResponseCodec.java:200)
	at org.openqa.selenium.remote.codec.w3c.W3CHttpResponseCodec.decode(W3CHttpResponseCodec.java:133)
	at org.openqa.selenium.remote.codec.w3c.W3CHttpResponseCodec.decode(W3CHttpResponseCodec.java:53)
	at org.openqa.selenium.remote.HttpCommandExecutor.execute(HttpCommandExecutor.java:184)
	at org.openqa.selenium.remote.service.DriverCommandExecutor.invokeExecute(DriverCommandExecutor.java:167)
	at org.openqa.selenium.remote.service.DriverCommandExecutor.execute(DriverCommandExecutor.java:142)
	at org.openqa.selenium.remote.RemoteWebDriver.execute(RemoteWebDriver.java:543)
	at org.openqa.selenium.remote.ElementLocation$ElementFinder$2.findElement(ElementLocation.java:162)
	at org.openqa.selenium.remote.ElementLocation.findElement(ElementLocation.java:60)
	at org.openqa.selenium.remote.RemoteWebDriver.findElement(RemoteWebDriver.java:367)
	at org.openqa.selenium.remote.RemoteWebDriver.findElement(RemoteWebDriver.java:359)
	at Adminportal.expert_Module_test_casess.Edit_Expert_With_All_Fields(expert_Module_test_casess.java:200)
	at java.base/java.util.ArrayList.forEach(ArrayList.java:1541)
... Removed 30 stack frames</div></td></tr></table><p class="totop"><a href="#summary">back to summary</a></p>
<h3 id="m5">Adminportal.expert_Module_test_casess#View_And_Verify_Edited_Expert</h3><table class="result"><tr><th>Messages</th></tr><tr><td><div class="messages">Search And View The Edited  Expert</div></td></tr><tr><th>Exception</th></tr><tr><td><div class="stacktrace">java.lang.AssertionError: expected:&lt;&gt; but was:&lt;123dsc&gt;
	at Adminportal.expert_Module_test_casess.View_And_Verify_Edited_Expert(expert_Module_test_casess.java:317)
	at java.base/java.util.ArrayList.forEach(ArrayList.java:1541)
... Removed 29 stack frames</div></td></tr></table><p class="totop"><a href="#summary">back to summary</a></p>
<h3 id="m6">Adminportal.expert_Module_test_casess#View_And_Verify_Expert_With_Mandatory_Fields</h3><table class="result"><tr><th>Messages</th></tr><tr><td><div class="messages">Search And View The Newly Created Expert</div></td></tr><tr><th>Exception</th></tr><tr><td><div class="stacktrace">org.openqa.selenium.ElementNotInteractableException: element not interactable
  (Session info: chrome=105.0.5195.102)
Build info: version: &apos;4.1.1&apos;, revision: &apos;e8fcc2cecf&apos;
System info: host: &apos;hp23-HP-EliteBook-840-G1&apos;, ip: &apos;127.0.1.1&apos;, os.name: &apos;Linux&apos;, os.arch: &apos;amd64&apos;, os.version: &apos;5.15.0-48-generic&apos;, java.version: &apos;11.0.16&apos;
Driver info: org.openqa.selenium.chrome.ChromeDriver
Command: [00eece2aa8b91a2365a8c5a71a265457, sendKeysToElement {id=33d2ab03-d004-493d-835b-475c95ad589c, value=[Ljava.lang.CharSequence;@53b8afea}]
Capabilities {acceptInsecureCerts: false, browserName: chrome, browserVersion: 105.0.5195.102, chrome: {chromedriverVersion: 105.0.5195.52 (412c95e51883..., userDataDir: /tmp/.com.google.Chrome.O8fGC6}, goog:chromeOptions: {debuggerAddress: localhost:35717}, javascriptEnabled: true, networkConnectionEnabled: false, pageLoadStrategy: normal, platform: LINUX, platformName: LINUX, proxy: Proxy(), se:cdp: ws://localhost:35717/devtoo..., se:cdpVersion: 105.0.5195.102, setWindowRect: true, strictFileInteractability: false, timeouts: {implicit: 0, pageLoad: 300000, script: 30000}, unhandledPromptBehavior: dismiss and notify, webauthn:extension:credBlob: true, webauthn:extension:largeBlob: true, webauthn:virtualAuthenticators: true}
Element: [[ChromeDriver: chrome on LINUX (00eece2aa8b91a2365a8c5a71a265457)] -&gt; xpath: //input[@type=&apos;text&apos;]]
Session ID: 00eece2aa8b91a2365a8c5a71a265457
	at org.openqa.selenium.remote.codec.w3c.W3CHttpResponseCodec.createException(W3CHttpResponseCodec.java:200)
	at org.openqa.selenium.remote.codec.w3c.W3CHttpResponseCodec.decode(W3CHttpResponseCodec.java:133)
	at org.openqa.selenium.remote.codec.w3c.W3CHttpResponseCodec.decode(W3CHttpResponseCodec.java:53)
	at org.openqa.selenium.remote.HttpCommandExecutor.execute(HttpCommandExecutor.java:184)
	at org.openqa.selenium.remote.service.DriverCommandExecutor.invokeExecute(DriverCommandExecutor.java:167)
	at org.openqa.selenium.remote.service.DriverCommandExecutor.execute(DriverCommandExecutor.java:142)
	at org.openqa.selenium.remote.RemoteWebDriver.execute(RemoteWebDriver.java:543)
	at org.openqa.selenium.remote.RemoteWebElement.execute(RemoteWebElement.java:251)
	at org.openqa.selenium.remote.RemoteWebElement.sendKeys(RemoteWebElement.java:107)
	at Adminportal.expert_Module_test_casess.View_And_Verify_Expert_With_Mandatory_Fields(expert_Module_test_casess.java:129)
	at java.base/java.util.ArrayList.forEach(ArrayList.java:1541)
... Removed 31 stack frames</div></td></tr></table><p class="totop"><a href="#summary">back to summary</a></p>
<h3 id="m7">Adminportal.expert_Module_test_casess#View_And_Verify_The_New_Expert</h3><table class="result"><tr><th>Messages</th></tr><tr><td><div class="messages">Search And View The New Created Expert</div></td></tr><tr><th>Exception</th></tr><tr><td><div class="stacktrace">java.lang.AssertionError: expected:&lt;Tags (15)&gt; but was:&lt;null&gt;
	at Adminportal.expert_Module_test_casess.View_And_Verify_The_New_Expert(expert_Module_test_casess.java:538)
	at java.base/java.util.ArrayList.forEach(ArrayList.java:1541)
... Removed 29 stack frames</div></td></tr></table><p class="totop"><a href="#summary">back to summary</a></p>
<h3 id="m8">Adminportal.banner_Final_Demo#Create_Banner_With_Madatory_fields</h3><table class="result"><tr><th>Messages</th></tr><tr><td><div class="messages">Verifying Mandatory Fields Validation Is Working Or Not<br/>Create Banner With Mandatory Fields Only</div></td></tr></table><p class="totop"><a href="#summary">back to summary</a></p>
<h3 id="m9">Adminportal.banner_Final_Demo#Create_New_Banner_With_All_Fields</h3><table class="result"><tr><th>Messages</th></tr><tr><td><div class="messages">Verifying Create New Banner With All Information</div></td></tr></table><p class="totop"><a href="#summary">back to summary</a></p>
<h3 id="m10">Adminportal.banner_Final_Demo#Edit_Banner_With_All_Fields</h3><table class="result"><tr><th>Messages</th></tr><tr><td><div class="messages">Search And Edit The Newly Created Banner With Remaining Fields</div></td></tr></table><p class="totop"><a href="#summary">back to summary</a></p>
<h3 id="m11">Adminportal.banner_Final_Demo#View_And_Verify_Banner_With_Mandatory_Fields</h3><table class="result"><tr><th>Messages</th></tr><tr><td><div class="messages">Search And View The Newly Created Banner</div></td></tr></table><p class="totop"><a href="#summary">back to summary</a></p>
<h3 id="m12">Adminportal.banner_Final_Demo#View_And_Verify_Edited_Banner</h3><table class="result"><tr><th>Messages</th></tr><tr><td><div class="messages">Search and View The Edited Banner</div></td></tr></table><p class="totop"><a href="#summary">back to summary</a></p>
<h3 id="m13">Adminportal.banner_Final_Demo#View_And_Verify_The_New_Banner</h3><table class="result"><tr><th>Messages</th></tr><tr><td><div class="messages">Search and View The New Banner</div></td></tr></table><p class="totop"><a href="#summary">back to summary</a></p>
<h3 id="m14">Adminportal.collection_module_test#Create_New_Collection_With_All_Fields</h3><table class="result"><tr><th>Messages</th></tr><tr><td><div class="messages">Verifying Create New Collection With All Information</div></td></tr></table><p class="totop"><a href="#summary">back to summary</a></p>
<h3 id="m15">Adminportal.collection_module_test#View_And_Verify_New_Collection_</h3><table class="result"><tr><th>Messages</th></tr><tr><td><div class="messages">Search And View New Collection</div></td></tr></table><p class="totop"><a href="#summary">back to summary</a></p>
<h3 id="m16">Adminportal.expert_Module_test_casess#Create_Expert_With_Madatory_fields</h3><table class="result"><tr><th>Messages</th></tr><tr><td><div class="messages">Expert -> Verifying Mandatory Fields Validation Is Working Or Not<br/>Create Expert With Mandatory Fields Only</div></td></tr></table><p class="totop"><a href="#summary">back to summary</a></p>
</body>
</html>
