<?xml version="1.0" encoding="UTF-8"?>
<!-- Generated by org.testng.reporters.JUnitXMLReporter -->
<testsuite ignored="0" hostname="hp23-HP-EliteBook-840-G1" failures="0" tests="2" name="Default test(failed)" time="0.022" errors="0" timestamp="2022-09-02T18:35:21 IST">
  <testcase classname="Catalogue.VerifyRedemptionCatalogFlow" name="@BeforeTest launchBrowser" time="-1.662123921749E9">
    <failure type="org.testng.TestNGException" message="
Parameter &amp;apos;browser&amp;apos; is required by BeforeTest on method launchBrowser but has not been marked @Optional or defined
in /home/hp-23/eclipse-workspace/JK_Tyre/test-output/Default suite/testng-failed.xml">
      <![CDATA[org.testng.TestNGException: 
Parameter 'browser' is required by BeforeTest on method launchBrowser but has not been marked @Optional or defined
in /home/hp-23/eclipse-workspace/JK_Tyre/test-output/Default suite/testng-failed.xml
... Removed 21 stack frames]]>
    </failure>
  </testcase> <!-- @BeforeTest launchBrowser -->
  <testcase classname="Catalogue.VerifyRedemptionCatalogFlow" name="@BeforeClass createObject" time="-1.662123921755E9">
    <skipped/>
  </testcase> <!-- @BeforeClass createObject -->
  <testcase classname="Catalogue.VerifyRedemptionCatalogFlow" name="@BeforeMethod loginToUserAccount" time="-1.662123921757E9">
    <skipped/>
  </testcase> <!-- @BeforeMethod loginToUserAccount -->
  <testcase classname="Catalogue.VerifyRedemptionCatalogFlow" name="@AfterMethod logOutUserAccount" time="-1.66212392176E9">
    <skipped/>
  </testcase> <!-- @AfterMethod logOutUserAccount -->
  <testcase classname="Catalogue.VerifyRedemptionCatalogFlow" name="@BeforeMethod loginToUserAccount" time="-1.662123921763E9">
    <skipped/>
  </testcase> <!-- @BeforeMethod loginToUserAccount -->
  <testcase classname="Catalogue.VerifyRedemptionCatalogFlow" name="@AfterMethod logOutUserAccount" time="-1.662123921766E9">
    <skipped/>
  </testcase> <!-- @AfterMethod logOutUserAccount -->
  <testcase classname="Catalogue.VerifyRedemptionCatalogFlow" name="@AfterClass closeBrowser" time="-1.662123921767E9">
    <skipped/>
  </testcase> <!-- @AfterClass closeBrowser -->
  <testcase classname="Catalogue.VerifyRedemptionCatalogFlow" name="@AfterTest capture" time="-1.662123921768E9">
    <skipped/>
  </testcase> <!-- @AfterTest capture -->
  <testcase classname="Catalogue.VerifyRedemptionCatalogFlow" name="toVerifyEnterPointToConvert" time="0.0">
    <skipped/>
  </testcase> <!-- toVerifyEnterPointToConvert -->
  <testcase classname="Catalogue.VerifyRedemptionCatalogFlow" name="toVerifyEnterExcessPointToConvert" time="0.0">
    <skipped/>
  </testcase> <!-- toVerifyEnterExcessPointToConvert -->
</testsuite> <!-- Default test(failed) -->
